<?xml version="1.0" encoding="UTF-8"?>
<!-- Generated by org.testng.reporters.JUnitXMLReporter -->
<testsuite ignored="0" hostname="DESKTOP-F6ODCH9" failures="0" tests="6" name="Checkout" time="372.808" errors="0" timestamp="2021-01-05T14:51:56 IST">
  <testcase classname="Tates.Checkout_TC" name="VerifyCheckoutPage" time="135.783"/>
  <testcase classname="Tates.Checkout_TC" name="VerifyBillingAddress" time="60.724"/>
  <testcase classname="Tates.Checkout_TC" name="VerifyGiftMessageandDeliveryDate" time="61.227"/>
  <testcase classname="Tates.Checkout_TC" name="VerifyBillingInformation" time="60.381"/>
  <testcase classname="Tates.Checkout_TC" name="VerifyCardInformation" time="16.061"/>
  <testcase classname="Tates.Checkout_TC" name="VerifyOrderSucess" time="14.006"/>
</testsuite> <!-- Checkout -->
