<?xml version="1.0" encoding="UTF-8"?>
<!-- Generated by org.testng.reporters.JUnitXMLReporter -->
<testsuite ignored="0" hostname="DESKTOP-F6ODCH9" failures="0" tests="3" name="Register" time="59.422" errors="0" timestamp="2021-01-05T14:41:01 IST">
  <testcase classname="Tates.RegisterPageTC2" name="verifyRegisterWithInValidData" time="24.142"/>
  <testcase classname="Tates.RegisterPageTC2" name="verifyRegisterWithValidData" time="7.67"/>
  <testcase classname="Tates.RegisterPageTC2" name="verifyRegisterSuccess" time="0.043"/>
</testsuite> <!-- Register -->
