<?xml version="1.0" encoding="UTF-8"?>
<!-- Generated by org.testng.reporters.JUnitXMLReporter -->
<testsuite ignored="0" hostname="SIL-WIN-47" failures="0" tests="5" name="Test" time="93.682" errors="0" timestamp="2020-12-01T17:38:23 IST">
  <testcase classname="Tates.LoginTC1" name="verifyLoginWithInValidData1" time="14.025"/>
  <testcase classname="Tates.LoginTC1" name="verifyLoginWithInValidData2" time="3.936"/>
  <testcase classname="Tates.LoginTC1" name="verifyLoginWithInValidData3" time="3.817"/>
  <testcase classname="Tates.LoginTC1" name="verifyLoginWithValidData" time="6.264"/>
  <testcase classname="Tates.RegisterPageTC2" name="verifyRegisterWithValidData" time="16.195"/>
</testsuite> <!-- Test -->
